Arguments: 
  C:\Program Files\nodejs\node.exe C:\Users\dcohen\AppData\Roaming\npm\node_modules\yarn\bin\yarn.js test

PATH: 
  U:\bin;C:\Program Files\Git\mingw64\bin;C:\Program Files\Git\usr\local\bin;C:\Program Files\Git\usr\bin;C:\Program Files\Git\usr\bin;C:\Program Files\Git\mingw64\bin;C:\Program Files\Git\usr\bin;U:\bin;C:\Program Files (x86)\Common Files\Oracle\Java\javapath;C:\Program Files\Microsoft MPI\Bin;C:\ProgramData\Oracle\Java\javapath;C:\Windows\system32;C:\Windows;C:\Windows\System32\Wbem;C:\Windows\System32\WindowsPowerShell\v1.0;C:\Program Files (x86)\ATI Technologies\ATI.ACE\Core-Static;C:\Program Files (x86)\Microsoft SQL Server\Client SDK\ODBC\130\Tools\Binn;C:\Program Files (x86)\Microsoft SQL Server\140\Tools\Binn;C:\Program Files (x86)\Microsoft SQL Server\140\DTS\Binn;C:\Program Files (x86)\Microsoft SQL Server\140\Tools\Binn\ManagementStudio;C:\Program Files\Microsoft SQL Server\130\Tools\Binn;C:\Program Files (x86)\Microsoft SQL Server\110\DTS\Binn;C:\Program Files (x86)\Microsoft SQL Server\120\DTS\Binn;C:\Program Files (x86)\Microsoft SQL Server\130\DTS\Binn;C:\Program Files (x86)\sbt\bin;C:\Program Files\dotnet;C:\Users\dcohen\.dnx\bin;C:\Program Files\Microsoft DNX\Dnvm;C:\Program Files (x86)\GnuPG\bin;C:\Program Files\nodejs;C:\HashiCorp\Vagrant\bin;C:\Go\bin;C:\Ruby200-x64;C:\Ruby200-x64\bin;C:\Ruby24-x64\bin;C:\Users\dcohen\AppData\Local\Microsoft\WindowsApps;C:\Program Files\Apache\apache-maven-3.5.0\bin;C:\Program Files\Apache\cxf\distribution\target\apache-cxf-3.2.1-SNAPSHOT\apache-cxf-3.2.1-SNAPSHOT\bin;C:\Users\dcohen\AppData\Local\atom\bin;C:\Users\dcohen\AppData\Roaming\npm;C:\Users\dcohen\go\bin;C:\Program Files (x86)\Kubernetes\Minikube;C:\Program Files (x86)\Kubernetes\Kubectl;C:\Program Files\Git\usr\bin\vendor_perl;C:\Program Files\Git\usr\bin\core_perl;C:\Python27\;C:\Python27\Scripts\;C:\Users\dcohen\AppData\Local\Programs\Python\Python36-32\;C:\Users\dcohen\AppData\Local\Programs\Python\Python36-32\Scripts\;C:\Users\dcohen\Dropbox\code\scripts\;D:\scripts\;D:\report_archive\;D:\generators\;D:\generators\_skeleton\;C:\mingw\msys\1.0\bin\

Yarn version: 
  1.5.1

Node version: 
  9.7.1

Platform: 
  win32 x64

npm manifest: 
  {
    "name": "generator-airflow-plugin",
    "version": "0.0.0",
    "description": "Generate an airflow plugin and test suite",
    "homepage": "",
    "author": {
      "name": "Dan Cohen",
      "email": "daniel.o.cohen@gmail.com",
      "url": ""
    },
    "files": [
      "generators"
    ],
    "main": "generators/index.js",
    "keywords": [
      "",
      "yeoman-generator"
    ],
    "devDependencies": {
      "yeoman-test": "^1.7.0",
      "yeoman-assert": "^3.1.0",
      "coveralls": "^3.0.0",
      "nsp": "^2.8.0",
      "eslint": "^4.19.1",
      "prettier": "^1.11.1",
      "husky": "^0.14.3",
      "lint-staged": "^6.1.1",
      "eslint-config-prettier": "^2.9.0",
      "eslint-plugin-prettier": "^2.6.0",
      "eslint-config-xo": "^0.20.1",
      "jest": "^22.0.6"
    },
    "engines": {
      "npm": ">= 4.0.0"
    },
    "dependencies": {
      "chalk": "^2.1.0",
      "npm": "^6.4.1",
      "yeoman-generator": "^2.0.1",
      "yosay": "^2.0.1"
    },
    "jest": {
      "testEnvironment": "node"
    },
    "scripts": {
      "prepublishOnly": "nsp check",
      "pretest": "eslint .",
      "precommit": "lint-staged",
      "test": "jest"
    },
    "lint-staged": {
      "*.js": [
        "eslint --fix",
        "git add"
      ],
      "*.json": [
        "prettier --write",
        "git add"
      ]
    },
    "eslintConfig": {
      "extends": [
        "xo",
        "prettier"
      ],
      "env": {
        "jest": true,
        "node": true
      },
      "rules": {
        "prettier/prettier": [
          "error",
          {
            "singleQuote": true,
            "printWidth": 90
          }
        ]
      },
      "plugins": [
        "prettier"
      ]
    },
    "repository": "danie1cohen/generator-airflow-plugin",
    "license": "Apache-2.0"
  }

yarn manifest: 
  No manifest

Lockfile: 
  No lockfile

Trace: 
  Error: Command failed.
  Exit code: 1
  Command: C:\Windows\system32\cmd.exe
  Arguments: /d /s /c eslint .
  Directory: D:\generators\generator-airflow-plugin
  Output:
  
      at ProcessTermError.MessageError (C:\Users\dcohen\AppData\Roaming\npm\node_modules\yarn\lib\cli.js:186:110)
      at new ProcessTermError (C:\Users\dcohen\AppData\Roaming\npm\node_modules\yarn\lib\cli.js:226:113)
      at ChildProcess.<anonymous> (C:\Users\dcohen\AppData\Roaming\npm\node_modules\yarn\lib\cli.js:30281:17)
      at ChildProcess.emit (events.js:127:13)
      at maybeClose (internal/child_process.js:936:16)
      at Process.ChildProcess._handle.onexit (internal/child_process.js:220:5)
